<?xml version="1.0" encoding="UTF-8"?>
<!-- Generated by org.testng.reporters.JUnitReportReporter -->
<testsuite hostname="LAPTOP-BBV4M2VF" failures="0" tests="1" name="testcases.LoginTest" time="29.564" errors="0" timestamp="2020-03-21T22:04:42 IST" skipped="0">
  <testcase classname="testcases.LoginTest" name="loginTestCase" time="29.564"/>
</testsuite> <!-- testcases.LoginTest -->
